Debug: Platform: Linux,4.9.93-boot2docker,x86_64,-jnone,-smalloc,-smalloc,-hcritbit

Debug: Child (277) Started
Info: Child (277) said Child starts
Error: Child (277) died signal=11
Error: Child (277) Last panic at: Sun, 01 Dec 2019 05:00:35 GMT
"Wrong turn at cache/cache_session.c:551:
Clock step detected
thread = (cache-worker)
version = varnish-4.1.10 revision 1d090c5a08f41c36562644bafcce9d3cb85d824f
ident = Linux,4.9.93-boot2docker,x86_64,-jnone,-smalloc,-smalloc,-hcritbit,epoll
now = 87200.765723 (mono), 1575176434.131555 (real)
Backtrace:
  0x5643b7b40b0d: varnishd(+0x47b0d) [0x5643b7b40b0d]
  0x5643b7b40f86: varnishd(+0x47f86) [0x5643b7b40f86]
  0x5643b7b4b6e1: varnishd(SES_Delete+0x1e2) [0x5643b7b4b6e1]
  0x5643b7b42d25: varnishd(Req_Cleanup+0x468) [0x5643b7b42d25]
  0x5643b7b68a0d: varnishd(HTTP1_Session+0x7fd) [0x5643b7b68a0d]
  0x5643b7b4a7eb: varnishd(SES_Proto_Req+0x14c) [0x5643b7b4a7eb]
  0x5643b7b60bac: varnishd(+0x67bac) [0x5643b7b60bac]
  0x5643b7b5f5c4: varnishd(+0x665c4) [0x5643b7b5f5c4]
  0x5643b7b60cf4: varnishd(+0x67cf4) [0x5643b7b60cf4]
  0x7eff73d03494: libpthread.so.0(+0x7494) [0x7eff73d03494]
req = 0x7eff641cd020 {
  MAGIC 0x00000000 (Should:REQ_MAGIC/0x2751aaa1)
  vxid = 0, step = R_STP_RESTART,
  req_body = R_BODY_INIT,
  restarts = 0, esi_level = 0,
  ws = 0x7eff641cd200 {
    MAGIC 0x00000000 (Should:WS_MAGIC/0x35fac554)
    id = \"\",
    {s,f,r,e} = {(nil),(nil),(nil),(nil)},
  },
  http[req] = (nil) {
"
Debug: Child cleanup complete
Debug: Child (31684) Started
Info: Child (31684) said Child starts
Error: Child (31684) died signal=11
Error: Child (31684) Last panic at: Sun, 01 Dec 2019 16:01:10 GMT
"Wrong turn at cache/cache_session.c:551:
Clock step detected
thread = (cache-worker)
version = varnish-4.1.10 revision 1d090c5a08f41c36562644bafcce9d3cb85d824f
ident = Linux,4.9.93-boot2docker,x86_64,-jnone,-smalloc,-smalloc,-hcritbit,epoll
now = 113702.279806 (mono), 1575216069.844655 (real)
Backtrace:
  0x5643b7b40b0d: varnishd(+0x47b0d) [0x5643b7b40b0d]
  0x5643b7b40f86: varnishd(+0x47f86) [0x5643b7b40f86]
  0x5643b7b4b6e1: varnishd(SES_Delete+0x1e2) [0x5643b7b4b6e1]
  0x5643b7b42d25: varnishd(Req_Cleanup+0x468) [0x5643b7b42d25]
  0x5643b7b68a0d: varnishd(HTTP1_Session+0x7fd) [0x5643b7b68a0d]
  0x5643b7b4a7eb: varnishd(SES_Proto_Req+0x14c) [0x5643b7b4a7eb]
  0x5643b7b60bac: varnishd(+0x67bac) [0x5643b7b60bac]
  0x5643b7b5f5c4: varnishd(+0x665c4) [0x5643b7b5f5c4]
  0x5643b7b60cf4: varnishd(+0x67cf4) [0x5643b7b60cf4]
  0x7eff73d03494: libpthread.so.0(+0x7494) [0x7eff73d03494]
req = 0x7eff63cf5020 {
  MAGIC 0x00000000 (Should:REQ_MAGIC/0x2751aaa1)
  vxid = 0, step = R_STP_RESTART,
  req_body = R_BODY_INIT,
  restarts = 0, esi_level = 0,
  ws = 0x7eff63cf5200 {
    MAGIC 0x00000000 (Should:WS_MAGIC/0x35fac554)
    id = \"\",
    {s,f,r,e} = {(nil),(nil),(nil),(nil)},
  },
  http[req] = (nil) {
"
Debug: Child cleanup complete
Debug: Child (20613) Started
Info: Child (20613) said Child starts
