[09-Nov-2019 06:49:00] NOTICE: fpm is running, pid 16
[09-Nov-2019 06:49:00] NOTICE: ready to handle connections
[09-Nov-2019 19:57:12] NOTICE: Terminating ...
[09-Nov-2019 19:57:12] NOTICE: exiting, bye-bye!
[10-Nov-2019 12:03:38] NOTICE: fpm is running, pid 127
[10-Nov-2019 12:03:38] NOTICE: ready to handle connections
[10-Nov-2019 15:33:49] WARNING: [pool www] server reached pm.max_children setting (5), consider raising it
[10-Nov-2019 17:51:57] NOTICE: Terminating ...
[10-Nov-2019 17:51:57] NOTICE: exiting, bye-bye!
[11-Nov-2019 05:43:59] NOTICE: fpm is running, pid 92
[11-Nov-2019 05:43:59] NOTICE: ready to handle connections
[11-Nov-2019 07:58:00] NOTICE: Terminating ...
[11-Nov-2019 07:58:00] NOTICE: exiting, bye-bye!
[11-Nov-2019 14:48:12] NOTICE: fpm is running, pid 154
[11-Nov-2019 14:48:12] NOTICE: ready to handle connections
[11-Nov-2019 15:33:17] WARNING: [pool www] server reached pm.max_children setting (5), consider raising it
[11-Nov-2019 15:43:12] WARNING: [pool www] server reached pm.max_children setting (5), consider raising it
[11-Nov-2019 18:33:39] NOTICE: Terminating ...
[11-Nov-2019 18:33:39] NOTICE: exiting, bye-bye!
[14-Nov-2019 05:18:20] NOTICE: fpm is running, pid 98
[14-Nov-2019 05:18:20] NOTICE: ready to handle connections
[14-Nov-2019 05:20:15] WARNING: [pool www] server reached pm.max_children setting (5), consider raising it
[14-Nov-2019 05:28:10] WARNING: [pool www] server reached pm.max_children setting (5), consider raising it
[14-Nov-2019 07:06:37] NOTICE: fpm is running, pid 101
[14-Nov-2019 07:06:37] NOTICE: ready to handle connections
[14-Nov-2019 19:04:19] NOTICE: Terminating ...
[14-Nov-2019 19:04:20] NOTICE: exiting, bye-bye!
[18-Nov-2019 14:33:30] NOTICE: fpm is running, pid 85
[18-Nov-2019 14:33:30] NOTICE: ready to handle connections
[18-Nov-2019 18:42:34] NOTICE: Terminating ...
[18-Nov-2019 18:42:34] NOTICE: exiting, bye-bye!
[19-Nov-2019 13:38:58] NOTICE: fpm is running, pid 111
[19-Nov-2019 13:38:58] NOTICE: ready to handle connections
[19-Nov-2019 18:39:19] NOTICE: Terminating ...
[19-Nov-2019 18:39:19] NOTICE: exiting, bye-bye!
[20-Nov-2019 03:56:17] NOTICE: fpm is running, pid 153
[20-Nov-2019 03:56:17] NOTICE: ready to handle connections
[20-Nov-2019 06:50:20] NOTICE: fpm is running, pid 95
[20-Nov-2019 06:50:20] NOTICE: ready to handle connections
[20-Nov-2019 20:19:15] NOTICE: Terminating ...
[20-Nov-2019 20:19:15] NOTICE: exiting, bye-bye!
[21-Nov-2019 09:40:32] NOTICE: fpm is running, pid 64
[21-Nov-2019 09:40:33] NOTICE: ready to handle connections
[21-Nov-2019 16:17:03] NOTICE: Terminating ...
[21-Nov-2019 16:17:03] NOTICE: exiting, bye-bye!
[22-Nov-2019 04:52:38] NOTICE: fpm is running, pid 111
[22-Nov-2019 04:52:38] NOTICE: ready to handle connections
[22-Nov-2019 18:37:54] NOTICE: Terminating ...
[22-Nov-2019 18:37:54] NOTICE: exiting, bye-bye!
[23-Nov-2019 12:43:54] NOTICE: fpm is running, pid 141
[23-Nov-2019 12:43:54] NOTICE: ready to handle connections
[24-Nov-2019 09:39:35] WARNING: [pool www] server reached pm.max_children setting (5), consider raising it
[24-Nov-2019 09:43:10] WARNING: [pool www] server reached pm.max_children setting (5), consider raising it
[24-Nov-2019 09:44:19] WARNING: [pool www] server reached pm.max_children setting (5), consider raising it
[24-Nov-2019 09:45:22] WARNING: [pool www] server reached pm.max_children setting (5), consider raising it
[24-Nov-2019 10:50:40] WARNING: [pool www] server reached pm.max_children setting (5), consider raising it
[24-Nov-2019 10:52:14] WARNING: [pool www] server reached pm.max_children setting (5), consider raising it
[24-Nov-2019 19:12:19] NOTICE: Terminating ...
[24-Nov-2019 19:12:19] NOTICE: exiting, bye-bye!
[25-Nov-2019 11:18:12] NOTICE: fpm is running, pid 98
[25-Nov-2019 11:18:12] NOTICE: ready to handle connections
[25-Nov-2019 15:53:40] NOTICE: fpm is running, pid 96
[25-Nov-2019 15:53:40] NOTICE: ready to handle connections
[25-Nov-2019 16:34:57] WARNING: [pool www] server reached pm.max_children setting (5), consider raising it
[25-Nov-2019 16:38:39] WARNING: [pool www] server reached pm.max_children setting (5), consider raising it
[25-Nov-2019 17:03:39] NOTICE: Terminating ...
[25-Nov-2019 17:03:39] NOTICE: exiting, bye-bye!
[28-Nov-2019 13:14:15] NOTICE: fpm is running, pid 124
[28-Nov-2019 13:14:15] NOTICE: ready to handle connections
[28-Nov-2019 15:39:00] WARNING: [pool www] server reached pm.max_children setting (5), consider raising it
[28-Nov-2019 16:03:57] WARNING: [pool www] server reached pm.max_children setting (5), consider raising it
[28-Nov-2019 17:14:45] WARNING: [pool www] server reached pm.max_children setting (5), consider raising it
[01-Dec-2019 13:57:33] WARNING: [pool www] server reached pm.max_children setting (5), consider raising it
[01-Dec-2019 15:50:27] WARNING: [pool www] server reached pm.max_children setting (5), consider raising it
[01-Dec-2019 15:51:01] WARNING: [pool www] server reached pm.max_children setting (5), consider raising it
[01-Dec-2019 16:43:00] NOTICE: Terminating ...
[01-Dec-2019 16:43:00] NOTICE: exiting, bye-bye!
[02-Dec-2019 14:34:12] NOTICE: fpm is running, pid 139
[02-Dec-2019 14:34:12] NOTICE: ready to handle connections
[02-Dec-2019 16:50:09] NOTICE: Terminating ...
[02-Dec-2019 16:50:09] NOTICE: exiting, bye-bye!
[03-Dec-2019 05:26:11] NOTICE: fpm is running, pid 143
[03-Dec-2019 05:26:11] NOTICE: ready to handle connections
[03-Dec-2019 05:29:10] WARNING: [pool www] server reached pm.max_children setting (5), consider raising it
[03-Dec-2019 05:56:37] NOTICE: Terminating ...
[03-Dec-2019 05:56:37] NOTICE: exiting, bye-bye!
[03-Dec-2019 06:08:48] NOTICE: fpm is running, pid 148
[03-Dec-2019 06:08:48] NOTICE: ready to handle connections
