2019-11-09T06:48:55.924168Z 0 [Warning] TIMESTAMP with implicit DEFAULT value is deprecated. Please use --explicit_defaults_for_timestamp server option (see documentation for more details).
2019-11-09T06:48:55.925148Z 0 [Note] /usr/sbin/mysqld (mysqld 5.7.23) starting as process 28 ...
2019-11-09T06:48:56.501752Z 0 [Note] InnoDB: PUNCH HOLE support available
2019-11-09T06:48:56.502198Z 0 [Note] InnoDB: Mutexes and rw_locks use GCC atomic builtins
2019-11-09T06:48:56.502507Z 0 [Note] InnoDB: Uses event mutexes
2019-11-09T06:48:56.502728Z 0 [Note] InnoDB: GCC builtin __atomic_thread_fence() is used for memory barrier
2019-11-09T06:48:56.502951Z 0 [Note] InnoDB: Compressed tables use zlib 1.2.3
2019-11-09T06:48:56.503289Z 0 [Note] InnoDB: Using Linux native AIO
2019-11-09T06:48:56.504922Z 0 [Note] InnoDB: Number of pools: 1
2019-11-09T06:48:56.505599Z 0 [Note] InnoDB: Using CPU crc32 instructions
2019-11-09T06:48:56.511303Z 0 [Note] InnoDB: Initializing buffer pool, total size = 32M, instances = 1, chunk size = 32M
2019-11-09T06:48:56.522180Z 0 [Note] InnoDB: Completed initialization of buffer pool
2019-11-09T06:48:56.526081Z 0 [Note] InnoDB: If the mysqld execution user is authorized, page cleaner thread priority can be changed. See the man page of setpriority().
2019-11-09T06:48:56.542125Z 0 [Note] InnoDB: Highest supported file format is Barracuda.
2019-11-09T06:48:56.547870Z 0 [Note] InnoDB: Log scan progressed past the checkpoint lsn 2588963
2019-11-09T06:48:56.548240Z 0 [Note] InnoDB: Doing recovery: scanned up to log sequence number 2591784
2019-11-09T06:48:56.549850Z 0 [Note] InnoDB: Database was not shutdown normally!
2019-11-09T06:48:56.550169Z 0 [Note] InnoDB: Starting crash recovery.
2019-11-09T06:49:00.245814Z 0 [Note] InnoDB: Starting an apply batch of log records to the database...
InnoDB: Progress in percent: 27 28 29 30 31 32 33 34 35 36 37 38 39 40 41 42 43 44 45 46 47 48 49 50 51 52 53 54 55 56 57 58 59 60 61 62 63 64 65 66 67 68 69 70 71 72 73 74 75 76 77 78 79 80 81 82 83 84 85 86 87 88 89 90 91 92 93 94 95 96 97 98 99 
2019-11-09T06:49:00.404216Z 0 [Note] InnoDB: Apply batch completed
2019-11-09T06:49:00.751975Z 0 [Note] InnoDB: Removed temporary tablespace data file: "ibtmp1"
2019-11-09T06:49:00.752704Z 0 [Note] InnoDB: Creating shared tablespace for temporary tables
2019-11-09T06:49:00.753853Z 0 [Note] InnoDB: Setting file './ibtmp1' size to 12 MB. Physically writing the file full; Please wait ...
2019-11-09T06:49:01.573105Z 0 [Note] InnoDB: File './ibtmp1' size is now 12 MB.
2019-11-09T06:49:01.575186Z 0 [Note] InnoDB: 96 redo rollback segment(s) found. 96 redo rollback segment(s) are active.
2019-11-09T06:49:01.576506Z 0 [Note] InnoDB: 32 non-redo rollback segment(s) are active.
2019-11-09T06:49:01.578864Z 0 [Note] InnoDB: Waiting for purge to start
2019-11-09T06:49:01.629751Z 0 [Note] InnoDB: 5.7.23 started; log sequence number 2591784
2019-11-09T06:49:01.631098Z 0 [Note] Plugin 'FEDERATED' is disabled.
2019-11-09T06:49:01.629878Z 0 [Note] InnoDB: page_cleaner: 1000ms intended loop took 5104ms. The settings might not be optimal. (flushed=0 and evicted=0, during the time.)
2019-11-09T06:49:01.641230Z 0 [Note] InnoDB: Loading buffer pool(s) from /var/lib/mysql/ib_buffer_pool
2019-11-09T06:49:01.967255Z 0 [Warning] Failed to set up SSL because of the following SSL library error: SSL context is not usable without certificate and private key
2019-11-09T06:49:01.968843Z 0 [Note] Server hostname (bind-address): '*'; port: 3306
2019-11-09T06:49:01.969700Z 0 [Note] IPv6 is available.
2019-11-09T06:49:01.970253Z 0 [Note]   - '::' resolves to '::';
2019-11-09T06:49:01.970521Z 0 [Note] Server socket created on IP: '::'.
2019-11-09T06:49:02.040343Z 0 [Warning] Insecure configuration for --pid-file: Location '/var/run/mysqld' in the path is accessible to all OS users. Consider choosing a different directory.
2019-11-09T06:49:02.043886Z 0 [ERROR] /usr/sbin/mysqld: Table './mysql/user' is marked as crashed and should be repaired
2019-11-09T06:49:02.050852Z 0 [Warning] Checking table:   './mysql/user'
2019-11-09T06:49:02.051132Z 0 [ERROR] 1 client is using or hasn't closed the table properly
2019-11-09T06:49:02.053628Z 0 [Warning] 'user' entry 'root@localhost' ignored in --skip-name-resolve mode.
2019-11-09T06:49:02.053992Z 0 [Warning] 'user' entry 'mysql.session@localhost' ignored in --skip-name-resolve mode.
2019-11-09T06:49:02.054215Z 0 [Warning] 'user' entry 'mysql.sys@localhost' ignored in --skip-name-resolve mode.
2019-11-09T06:49:02.054539Z 0 [Warning] 'db' entry 'performance_schema mysql.session@localhost' ignored in --skip-name-resolve mode.
2019-11-09T06:49:02.060984Z 0 [Warning] 'db' entry 'sys mysql.sys@localhost' ignored in --skip-name-resolve mode.
2019-11-09T06:49:02.061423Z 0 [Warning] 'proxies_priv' entry '@ root@localhost' ignored in --skip-name-resolve mode.
2019-11-09T06:49:02.071774Z 0 [Note] InnoDB: Buffer pool(s) load completed at 191109  6:49:02
2019-11-09T06:49:02.088776Z 0 [Warning] 'tables_priv' entry 'user mysql.session@localhost' ignored in --skip-name-resolve mode.
2019-11-09T06:49:02.089677Z 0 [Warning] 'tables_priv' entry 'sys_config mysql.sys@localhost' ignored in --skip-name-resolve mode.
2019-11-09T06:49:02.204029Z 0 [Note] Event Scheduler: Loaded 0 events
2019-11-09T06:49:02.211568Z 0 [Note] /usr/sbin/mysqld: ready for connections.
Version: '5.7.23'  socket: '/var/run/mysqld/mysqld.sock'  port: 3306  MySQL Community Server (GPL)
2019-11-09T06:50:58.679223Z 4 [ERROR] /usr/sbin/mysqld: Table './mysql/proc' is marked as crashed and should be repaired
2019-11-09T06:50:58.680183Z 4 [Warning] Checking table:   './mysql/proc'
2019-11-09T06:50:58.746571Z 6 [Warning] 'user' entry 'root@localhost' ignored in --skip-name-resolve mode.
2019-11-09T06:50:58.747087Z 6 [Warning] 'user' entry 'mysql.session@localhost' ignored in --skip-name-resolve mode.
2019-11-09T06:50:58.747463Z 6 [Warning] 'user' entry 'mysql.sys@localhost' ignored in --skip-name-resolve mode.
2019-11-09T06:50:58.747785Z 6 [Warning] 'db' entry 'performance_schema mysql.session@localhost' ignored in --skip-name-resolve mode.
2019-11-09T06:50:58.748440Z 6 [Warning] 'db' entry 'sys mysql.sys@localhost' ignored in --skip-name-resolve mode.
2019-11-09T06:50:58.749785Z 6 [Warning] 'proxies_priv' entry '@ root@localhost' ignored in --skip-name-resolve mode.
2019-11-09T06:50:58.753512Z 6 [Warning] 'tables_priv' entry 'user mysql.session@localhost' ignored in --skip-name-resolve mode.
2019-11-09T06:50:58.753986Z 6 [Warning] 'tables_priv' entry 'sys_config mysql.sys@localhost' ignored in --skip-name-resolve mode.
2019-11-09T10:39:23.733944Z 0 [Note] InnoDB: page_cleaner: 1000ms intended loop took 10340043ms. The settings might not be optimal. (flushed=0 and evicted=0, during the time.)
2019-11-09T11:51:39.180393Z 0 [Note] InnoDB: page_cleaner: 1000ms intended loop took 9523ms. The settings might not be optimal. (flushed=0 and evicted=0, during the time.)
